The system is: Linux - 2.6.24-24-generic - unknown
Determining if the C compiler is GNU succeeded with the following output:
# 1 "/usr/share/cmake-2.4/Modules/CMakeTestGNU.c"
# 1 "<built-in>"
# 1 "<command-line>"
# 1 "/usr/share/cmake-2.4/Modules/CMakeTestGNU.c"

void THIS_IS_GNU();

Determining if the C++ compiler is GNU succeeded with the following output:
# 1 "/usr/share/cmake-2.4/Modules/CMakeTestGNU.c"
# 1 "<built-in>"
# 1 "<command-line>"
# 1 "/usr/share/cmake-2.4/Modules/CMakeTestGNU.c"

void THIS_IS_GNU();

Determining if the C compiler works passed with the following output:
make[1]: Entering directory `/afs/ir.stanford.edu/users/d/p/dpursell/my_ros-pkg/pkgs/hw1/build/CMakeFiles/CMakeTmp'
/usr/bin/make -f CMakeFiles/cmTryCompileExec.dir/build.make CMakeFiles/cmTryCompileExec.dir/build
make[2]: Entering directory `/afs/ir.stanford.edu/users/d/p/dpursell/my_ros-pkg/pkgs/hw1/build/CMakeFiles/CMakeTmp'
/usr/bin/cmake -E cmake_progress_report /afs/ir/users/d/p/dpursell/my_ros-pkg/pkgs/hw1/build/CMakeFiles/CMakeTmp/CMakeFiles 1
Building C object CMakeFiles/cmTryCompileExec.dir/testCCompiler.o
/usr/bin/gcc   -o CMakeFiles/cmTryCompileExec.dir/testCCompiler.o   -c /afs/ir/users/d/p/dpursell/my_ros-pkg/pkgs/hw1/build/CMakeFiles/CMakeTmp/testCCompiler.c
Linking C executable cmTryCompileExec
/usr/bin/cmake -P CMakeFiles/cmTryCompileExec.dir/cmake_clean_target.cmake
/usr/bin/gcc        -fPIC "CMakeFiles/cmTryCompileExec.dir/testCCompiler.o"   -o cmTryCompileExec -rdynamic 
make[2]: Leaving directory `/afs/ir.stanford.edu/users/d/p/dpursell/my_ros-pkg/pkgs/hw1/build/CMakeFiles/CMakeTmp'
make[1]: Leaving directory `/afs/ir.stanford.edu/users/d/p/dpursell/my_ros-pkg/pkgs/hw1/build/CMakeFiles/CMakeTmp'


Determining size of void* passed with the following output:
make[1]: Entering directory `/afs/ir.stanford.edu/users/d/p/dpursell/my_ros-pkg/pkgs/hw1/build/CMakeFiles/CMakeTmp'
/usr/bin/make -f CMakeFiles/cmTryCompileExec.dir/build.make CMakeFiles/cmTryCompileExec.dir/build
make[2]: Entering directory `/afs/ir.stanford.edu/users/d/p/dpursell/my_ros-pkg/pkgs/hw1/build/CMakeFiles/CMakeTmp'
/usr/bin/cmake -E cmake_progress_report /afs/ir/users/d/p/dpursell/my_ros-pkg/pkgs/hw1/build/CMakeFiles/CMakeTmp/CMakeFiles 1
Building C object CMakeFiles/cmTryCompileExec.dir/CheckTypeSize.o
/usr/bin/gcc   -o CMakeFiles/cmTryCompileExec.dir/CheckTypeSize.o   -c /afs/ir/users/d/p/dpursell/my_ros-pkg/pkgs/hw1/build/CMakeFiles/CMakeTmp/CheckTypeSize.c
Linking C executable cmTryCompileExec
/usr/bin/cmake -P CMakeFiles/cmTryCompileExec.dir/cmake_clean_target.cmake
/usr/bin/gcc        -fPIC "CMakeFiles/cmTryCompileExec.dir/CheckTypeSize.o"   -o cmTryCompileExec -rdynamic 
make[2]: Leaving directory `/afs/ir.stanford.edu/users/d/p/dpursell/my_ros-pkg/pkgs/hw1/build/CMakeFiles/CMakeTmp'
make[1]: Leaving directory `/afs/ir.stanford.edu/users/d/p/dpursell/my_ros-pkg/pkgs/hw1/build/CMakeFiles/CMakeTmp'


Determining if the CXX compiler works passed with the following output:
make[1]: Entering directory `/afs/ir.stanford.edu/users/d/p/dpursell/my_ros-pkg/pkgs/hw1/build/CMakeFiles/CMakeTmp'
/usr/bin/make -f CMakeFiles/cmTryCompileExec.dir/build.make CMakeFiles/cmTryCompileExec.dir/build
make[2]: Entering directory `/afs/ir.stanford.edu/users/d/p/dpursell/my_ros-pkg/pkgs/hw1/build/CMakeFiles/CMakeTmp'
/usr/bin/cmake -E cmake_progress_report /afs/ir/users/d/p/dpursell/my_ros-pkg/pkgs/hw1/build/CMakeFiles/CMakeTmp/CMakeFiles 1
Building CXX object CMakeFiles/cmTryCompileExec.dir/testCXXCompiler.o
/usr/bin/c++    -o CMakeFiles/cmTryCompileExec.dir/testCXXCompiler.o -c /afs/ir/users/d/p/dpursell/my_ros-pkg/pkgs/hw1/build/CMakeFiles/CMakeTmp/testCXXCompiler.cxx
Linking CXX executable cmTryCompileExec
/usr/bin/cmake -P CMakeFiles/cmTryCompileExec.dir/cmake_clean_target.cmake
/usr/bin/c++         -fPIC "CMakeFiles/cmTryCompileExec.dir/testCXXCompiler.o"   -o cmTryCompileExec -rdynamic 
make[2]: Leaving directory `/afs/ir.stanford.edu/users/d/p/dpursell/my_ros-pkg/pkgs/hw1/build/CMakeFiles/CMakeTmp'
make[1]: Leaving directory `/afs/ir.stanford.edu/users/d/p/dpursell/my_ros-pkg/pkgs/hw1/build/CMakeFiles/CMakeTmp'


The system is: Linux - 2.6.28-15-generic - i686
Compiling the C compiler identification source file "CMakeCCompilerId.c" succeeded.
Compiler: /usr/bin/gcc 
Build flags: 
Id flags: 

The output was:
0


Compilation of the C compiler identification source "CMakeCCompilerId.c" produced "a.out"

The C compiler identification is GNU, found in "/home/chetan/ros/ros/ros_hw1/build/CMakeFiles/CompilerIdC/a.out"

Compiling the CXX compiler identification source file "CMakeCXXCompilerId.cpp" succeeded.
Compiler: /usr/bin/c++ 
Build flags: 
Id flags: 

The output was:
0
CMakeCXXCompilerId.cpp:67: warning: deprecated conversion from string constant to ‘char*’
CMakeCXXCompilerId.cpp:151: warning: deprecated conversion from string constant to ‘char*’


Compilation of the CXX compiler identification source "CMakeCXXCompilerId.cpp" produced "a.out"

The CXX compiler identification is GNU, found in "/home/chetan/ros/ros/ros_hw1/build/CMakeFiles/CompilerIdCXX/a.out"

Determining if the C compiler works passed with the following output:
Change Dir: /home/chetan/ros/ros/ros_hw1/build/CMakeFiles/CMakeTmp

Run Build Command:/usr/bin/make "cmTryCompileExec/fast"
make[1]: Entering directory `/home/chetan/ros/ros/ros_hw1/build/CMakeFiles/CMakeTmp'
/usr/bin/make -f CMakeFiles/cmTryCompileExec.dir/build.make CMakeFiles/cmTryCompileExec.dir/build
make[2]: Entering directory `/home/chetan/ros/ros/ros_hw1/build/CMakeFiles/CMakeTmp'
/usr/bin/cmake -E cmake_progress_report /home/chetan/ros/ros/ros_hw1/build/CMakeFiles/CMakeTmp/CMakeFiles 1
Building C object CMakeFiles/cmTryCompileExec.dir/testCCompiler.c.o
/usr/bin/gcc    -o CMakeFiles/cmTryCompileExec.dir/testCCompiler.c.o   -c /home/chetan/ros/ros/ros_hw1/build/CMakeFiles/CMakeTmp/testCCompiler.c
Linking C executable cmTryCompileExec
/usr/bin/cmake -E cmake_link_script CMakeFiles/cmTryCompileExec.dir/link.txt --verbose=1
/usr/bin/gcc        CMakeFiles/cmTryCompileExec.dir/testCCompiler.c.o  -o cmTryCompileExec -rdynamic 
make[2]: Leaving directory `/home/chetan/ros/ros/ros_hw1/build/CMakeFiles/CMakeTmp'
make[1]: Leaving directory `/home/chetan/ros/ros/ros_hw1/build/CMakeFiles/CMakeTmp'


Detecting C compiler ABI info compiled with the following output:
Change Dir: /home/chetan/ros/ros/ros_hw1/build/CMakeFiles/CMakeTmp

Run Build Command:/usr/bin/make "cmTryCompileExec/fast"
make[1]: Entering directory `/home/chetan/ros/ros/ros_hw1/build/CMakeFiles/CMakeTmp'
/usr/bin/make -f CMakeFiles/cmTryCompileExec.dir/build.make CMakeFiles/cmTryCompileExec.dir/build
make[2]: Entering directory `/home/chetan/ros/ros/ros_hw1/build/CMakeFiles/CMakeTmp'
/usr/bin/cmake -E cmake_progress_report /home/chetan/ros/ros/ros_hw1/build/CMakeFiles/CMakeTmp/CMakeFiles 1
Building C object CMakeFiles/cmTryCompileExec.dir/CMakeCCompilerABI.c.o
/usr/bin/gcc    -o CMakeFiles/cmTryCompileExec.dir/CMakeCCompilerABI.c.o   -c /usr/share/cmake-2.6/Modules/CMakeCCompilerABI.c
Linking C executable cmTryCompileExec
/usr/bin/cmake -E cmake_link_script CMakeFiles/cmTryCompileExec.dir/link.txt --verbose=1
/usr/bin/gcc        CMakeFiles/cmTryCompileExec.dir/CMakeCCompilerABI.c.o  -o cmTryCompileExec -rdynamic 
make[2]: Leaving directory `/home/chetan/ros/ros/ros_hw1/build/CMakeFiles/CMakeTmp'
make[1]: Leaving directory `/home/chetan/ros/ros/ros_hw1/build/CMakeFiles/CMakeTmp'


Determining if the CXX compiler works passed with the following output:
Change Dir: /home/chetan/ros/ros/ros_hw1/build/CMakeFiles/CMakeTmp

Run Build Command:/usr/bin/make "cmTryCompileExec/fast"
make[1]: Entering directory `/home/chetan/ros/ros/ros_hw1/build/CMakeFiles/CMakeTmp'
/usr/bin/make -f CMakeFiles/cmTryCompileExec.dir/build.make CMakeFiles/cmTryCompileExec.dir/build
make[2]: Entering directory `/home/chetan/ros/ros/ros_hw1/build/CMakeFiles/CMakeTmp'
/usr/bin/cmake -E cmake_progress_report /home/chetan/ros/ros/ros_hw1/build/CMakeFiles/CMakeTmp/CMakeFiles 1
Building CXX object CMakeFiles/cmTryCompileExec.dir/testCXXCompiler.cxx.o
/usr/bin/c++     -o CMakeFiles/cmTryCompileExec.dir/testCXXCompiler.cxx.o -c /home/chetan/ros/ros/ros_hw1/build/CMakeFiles/CMakeTmp/testCXXCompiler.cxx
Linking CXX executable cmTryCompileExec
/usr/bin/cmake -E cmake_link_script CMakeFiles/cmTryCompileExec.dir/link.txt --verbose=1
/usr/bin/c++         CMakeFiles/cmTryCompileExec.dir/testCXXCompiler.cxx.o  -o cmTryCompileExec -rdynamic 
make[2]: Leaving directory `/home/chetan/ros/ros/ros_hw1/build/CMakeFiles/CMakeTmp'
make[1]: Leaving directory `/home/chetan/ros/ros/ros_hw1/build/CMakeFiles/CMakeTmp'


Detecting CXX compiler ABI info compiled with the following output:
Change Dir: /home/chetan/ros/ros/ros_hw1/build/CMakeFiles/CMakeTmp

Run Build Command:/usr/bin/make "cmTryCompileExec/fast"
make[1]: Entering directory `/home/chetan/ros/ros/ros_hw1/build/CMakeFiles/CMakeTmp'
/usr/bin/make -f CMakeFiles/cmTryCompileExec.dir/build.make CMakeFiles/cmTryCompileExec.dir/build
make[2]: Entering directory `/home/chetan/ros/ros/ros_hw1/build/CMakeFiles/CMakeTmp'
/usr/bin/cmake -E cmake_progress_report /home/chetan/ros/ros/ros_hw1/build/CMakeFiles/CMakeTmp/CMakeFiles 1
Building CXX object CMakeFiles/cmTryCompileExec.dir/CMakeCXXCompilerABI.cpp.o
/usr/bin/c++     -o CMakeFiles/cmTryCompileExec.dir/CMakeCXXCompilerABI.cpp.o -c /usr/share/cmake-2.6/Modules/CMakeCXXCompilerABI.cpp
Linking CXX executable cmTryCompileExec
/usr/bin/cmake -E cmake_link_script CMakeFiles/cmTryCompileExec.dir/link.txt --verbose=1
/usr/bin/c++         CMakeFiles/cmTryCompileExec.dir/CMakeCXXCompilerABI.cpp.o  -o cmTryCompileExec -rdynamic 
make[2]: Leaving directory `/home/chetan/ros/ros/ros_hw1/build/CMakeFiles/CMakeTmp'
make[1]: Leaving directory `/home/chetan/ros/ros/ros_hw1/build/CMakeFiles/CMakeTmp'


